<?xml version="1.0" encoding="UTF-8"?>
<coverage generated="1732693611504" clover="3.2.0">
  <project timestamp="1732693611505" name="All files">
    <metrics statements="23" coveredstatements="23" conditionals="6" coveredconditionals="6" methods="11" coveredmethods="11" elements="40" coveredelements="40" complexity="0" loc="23" ncloc="23" packages="3" files="8" classes="8"/>
    <package name="0-Beginner">
      <metrics statements="8" coveredstatements="8" conditionals="4" coveredconditionals="4" methods="3" coveredmethods="3"/>
      <file name="0-isTruthyOrFalsy.js" path="G:\download\Pre Advanse\jest-homeworks\jest-homeworks\0-Beginner\0-isTruthyOrFalsy.js">
        <metrics statements="2" coveredstatements="2" conditionals="0" coveredconditionals="0" methods="1" coveredmethods="1"/>
        <line num="2" count="8" type="stmt"/>
        <line num="5" count="1" type="stmt"/>
      </file>
      <file name="1-sum.js" path="G:\download\Pre Advanse\jest-homeworks\jest-homeworks\0-Beginner\1-sum.js">
        <metrics statements="2" coveredstatements="2" conditionals="0" coveredconditionals="0" methods="1" coveredmethods="1"/>
        <line num="2" count="3" type="stmt"/>
        <line num="4" count="1" type="stmt"/>
      </file>
      <file name="2-sum2.js" path="G:\download\Pre Advanse\jest-homeworks\jest-homeworks\0-Beginner\2-sum2.js">
        <metrics statements="4" coveredstatements="4" conditionals="4" coveredconditionals="4" methods="1" coveredmethods="1"/>
        <line num="2" count="7" type="cond" truecount="4" falsecount="0"/>
        <line num="3" count="3" type="stmt"/>
        <line num="5" count="4" type="stmt"/>
        <line num="7" count="1" type="stmt"/>
      </file>
    </package>
    <package name="1-Intermediate">
      <metrics statements="7" coveredstatements="7" conditionals="2" coveredconditionals="2" methods="4" coveredmethods="4"/>
      <file name="0-checkAge.js" path="G:\download\Pre Advanse\jest-homeworks\jest-homeworks\1-Intermediate\0-checkAge.js">
        <metrics statements="3" coveredstatements="3" conditionals="2" coveredconditionals="2" methods="1" coveredmethods="1"/>
        <line num="2" count="2" type="cond" truecount="2" falsecount="0"/>
        <line num="3" count="1" type="stmt"/>
        <line num="6" count="1" type="stmt"/>
      </file>
      <file name="1-getAverage.js" path="G:\download\Pre Advanse\jest-homeworks\jest-homeworks\1-Intermediate\1-getAverage.js">
        <metrics statements="2" coveredstatements="2" conditionals="0" coveredconditionals="0" methods="1" coveredmethods="1"/>
        <line num="2" count="3" type="stmt"/>
        <line num="5" count="1" type="stmt"/>
      </file>
      <file name="2-filterElement.js" path="G:\download\Pre Advanse\jest-homeworks\jest-homeworks\1-Intermediate\2-filterElement.js">
        <metrics statements="2" coveredstatements="2" conditionals="0" coveredconditionals="0" methods="2" coveredmethods="2"/>
        <line num="2" count="6" type="stmt"/>
        <line num="5" count="1" type="stmt"/>
      </file>
    </package>
    <package name="2-advance">
      <metrics statements="8" coveredstatements="8" conditionals="0" coveredconditionals="0" methods="4" coveredmethods="4"/>
      <file name="0-delayPromise.js" path="G:\download\Pre Advanse\jest-homeworks\jest-homeworks\2-advance\0-delayPromise.js">
        <metrics statements="4" coveredstatements="4" conditionals="0" coveredconditionals="0" methods="3" coveredmethods="3"/>
        <line num="2" count="1" type="stmt"/>
        <line num="6" count="1" type="stmt"/>
        <line num="7" count="1" type="stmt"/>
        <line num="10" count="1" type="stmt"/>
      </file>
      <file name="1-fetchUserData.js" path="G:\download\Pre Advanse\jest-homeworks\jest-homeworks\2-advance\1-fetchUserData.js">
        <metrics statements="4" coveredstatements="4" conditionals="0" coveredconditionals="0" methods="1" coveredmethods="1"/>
        <line num="2" count="2" type="stmt"/>
        <line num="3" count="2" type="stmt"/>
        <line num="4" count="2" type="stmt"/>
        <line num="7" count="1" type="stmt"/>
      </file>
    </package>
  </project>
</coverage>
