{"G:\\download\\Pre Advanse\\jest-homeworks\\jest-homeworks\\0-Beginner\\0-isTruthyOrFalsy.js": {"path":"G:\\download\\Pre Advanse\\jest-homeworks\\jest-homeworks\\0-Beginner\\0-isTruthyOrFalsy.js","statementMap":{"0":{"start":{"line":2,"column":2},"end":{"line":2,"column":17}},"1":{"start":{"line":5,"column":0},"end":{"line":5,"column":33}}},"fnMap":{"0":{"name":"isTruthyOrFalsy","decl":{"start":{"line":1,"column":9},"end":{"line":1,"column":24}},"loc":{"start":{"line":1,"column":32},"end":{"line":3,"column":1}},"line":1}},"branchMap":{},"s":{"0":8,"1":1},"f":{"0":8},"b":{},"_coverageSchema":"1a1c01bbd47fc00a2c39e90264f33305004495a9","hash":"4fe0069d5b9c98fe55b2a62a05befaaf479d65ea"}
,"G:\\download\\Pre Advanse\\jest-homeworks\\jest-homeworks\\0-Beginner\\1-sum.js": {"path":"G:\\download\\Pre Advanse\\jest-homeworks\\jest-homeworks\\0-Beginner\\1-sum.js","statementMap":{"0":{"start":{"line":2,"column":2},"end":{"line":2,"column":15}},"1":{"start":{"line":4,"column":0},"end":{"line":4,"column":27}}},"fnMap":{"0":{"name":"simpleSum","decl":{"start":{"line":1,"column":9},"end":{"line":1,"column":18}},"loc":{"start":{"line":1,"column":25},"end":{"line":3,"column":1}},"line":1}},"branchMap":{},"s":{"0":3,"1":1},"f":{"0":3},"b":{},"_coverageSchema":"1a1c01bbd47fc00a2c39e90264f33305004495a9","hash":"db717ace6680392b6c15f1c331e549d3b363e05f"}
,"G:\\download\\Pre Advanse\\jest-homeworks\\jest-homeworks\\0-Beginner\\2-sum2.js": {"path":"G:\\download\\Pre Advanse\\jest-homeworks\\jest-homeworks\\0-Beginner\\2-sum2.js","statementMap":{"0":{"start":{"line":2,"column":2},"end":{"line":4,"column":3}},"1":{"start":{"line":3,"column":4},"end":{"line":3,"column":49}},"2":{"start":{"line":5,"column":2},"end":{"line":5,"column":15}},"3":{"start":{"line":7,"column":0},"end":{"line":7,"column":21}}},"fnMap":{"0":{"name":"sum","decl":{"start":{"line":1,"column":9},"end":{"line":1,"column":12}},"loc":{"start":{"line":1,"column":19},"end":{"line":6,"column":1}},"line":1}},"branchMap":{"0":{"loc":{"start":{"line":2,"column":2},"end":{"line":4,"column":3}},"type":"if","locations":[{"start":{"line":2,"column":2},"end":{"line":4,"column":3}},{"start":{},"end":{}}],"line":2},"1":{"loc":{"start":{"line":2,"column":6},"end":{"line":2,"column":52}},"type":"binary-expr","locations":[{"start":{"line":2,"column":6},"end":{"line":2,"column":27}},{"start":{"line":2,"column":31},"end":{"line":2,"column":52}}],"line":2}},"s":{"0":7,"1":3,"2":4,"3":1},"f":{"0":7},"b":{"0":[3,4],"1":[7,4]},"_coverageSchema":"1a1c01bbd47fc00a2c39e90264f33305004495a9","hash":"c9241ead14fc49ebdb58eddd041f5463ca71048e"}
,"G:\\download\\Pre Advanse\\jest-homeworks\\jest-homeworks\\1-Intermediate\\0-checkAge.js": {"path":"G:\\download\\Pre Advanse\\jest-homeworks\\jest-homeworks\\1-Intermediate\\0-checkAge.js","statementMap":{"0":{"start":{"line":2,"column":2},"end":{"line":4,"column":3}},"1":{"start":{"line":3,"column":4},"end":{"line":3,"column":30}},"2":{"start":{"line":6,"column":0},"end":{"line":6,"column":26}}},"fnMap":{"0":{"name":"checkAge","decl":{"start":{"line":1,"column":9},"end":{"line":1,"column":17}},"loc":{"start":{"line":1,"column":23},"end":{"line":5,"column":1}},"line":1}},"branchMap":{"0":{"loc":{"start":{"line":2,"column":2},"end":{"line":4,"column":3}},"type":"if","locations":[{"start":{"line":2,"column":2},"end":{"line":4,"column":3}},{"start":{},"end":{}}],"line":2}},"s":{"0":2,"1":1,"2":1},"f":{"0":2},"b":{"0":[1,1]},"_coverageSchema":"1a1c01bbd47fc00a2c39e90264f33305004495a9","hash":"ff81f4fdbc4b498144b0980f482c0c15ecf2872d"}
,"G:\\download\\Pre Advanse\\jest-homeworks\\jest-homeworks\\1-Intermediate\\1-getAverage.js": {"path":"G:\\download\\Pre Advanse\\jest-homeworks\\jest-homeworks\\1-Intermediate\\1-getAverage.js","statementMap":{"0":{"start":{"line":2,"column":2},"end":{"line":2,"column":25}},"1":{"start":{"line":5,"column":0},"end":{"line":5,"column":28}}},"fnMap":{"0":{"name":"getAverage","decl":{"start":{"line":1,"column":9},"end":{"line":1,"column":19}},"loc":{"start":{"line":1,"column":29},"end":{"line":3,"column":1}},"line":1}},"branchMap":{},"s":{"0":3,"1":1},"f":{"0":3},"b":{},"_coverageSchema":"1a1c01bbd47fc00a2c39e90264f33305004495a9","hash":"0c8aae70bb7795ca0e467f8a5891a4e0b2ca24bd"}
,"G:\\download\\Pre Advanse\\jest-homeworks\\jest-homeworks\\1-Intermediate\\2-filterElement.js": {"path":"G:\\download\\Pre Advanse\\jest-homeworks\\jest-homeworks\\1-Intermediate\\2-filterElement.js","statementMap":{"0":{"start":{"line":2,"column":2},"end":{"line":2,"column":50}},"1":{"start":{"line":2,"column":32},"end":{"line":2,"column":48}},"2":{"start":{"line":5,"column":0},"end":{"line":5,"column":31}}},"fnMap":{"0":{"name":"filterElement","decl":{"start":{"line":1,"column":9},"end":{"line":1,"column":22}},"loc":{"start":{"line":1,"column":39},"end":{"line":3,"column":1}},"line":1},"1":{"name":"(anonymous_1)","decl":{"start":{"line":2,"column":22},"end":{"line":2,"column":23}},"loc":{"start":{"line":2,"column":32},"end":{"line":2,"column":48}},"line":2}},"branchMap":{},"s":{"0":3,"1":6,"2":1},"f":{"0":3,"1":6},"b":{},"_coverageSchema":"1a1c01bbd47fc00a2c39e90264f33305004495a9","hash":"ae2c6562654aa4e51af06d73a8aa90f190e5aae7"}
,"G:\\download\\Pre Advanse\\jest-homeworks\\jest-homeworks\\2-advance\\0-delayPromise.js": {"path":"G:\\download\\Pre Advanse\\jest-homeworks\\jest-homeworks\\2-advance\\0-delayPromise.js","statementMap":{"0":{"start":{"line":2,"column":2},"end":{"line":2,"column":69}},"1":{"start":{"line":2,"column":34},"end":{"line":2,"column":67}},"2":{"start":{"line":6,"column":2},"end":{"line":6,"column":27}},"3":{"start":{"line":7,"column":2},"end":{"line":7,"column":48}},"4":{"start":{"line":10,"column":0},"end":{"line":10,"column":34}}},"fnMap":{"0":{"name":"delayPromise","decl":{"start":{"line":1,"column":15},"end":{"line":1,"column":27}},"loc":{"start":{"line":1,"column":42},"end":{"line":3,"column":1}},"line":1},"1":{"name":"(anonymous_1)","decl":{"start":{"line":2,"column":21},"end":{"line":2,"column":22}},"loc":{"start":{"line":2,"column":34},"end":{"line":2,"column":67}},"line":2},"2":{"name":"getUserWithDelay","decl":{"start":{"line":5,"column":15},"end":{"line":5,"column":31}},"loc":{"start":{"line":5,"column":40},"end":{"line":8,"column":1}},"line":5}},"branchMap":{},"s":{"0":1,"1":1,"2":1,"3":1,"4":1},"f":{"0":1,"1":1,"2":1},"b":{},"_coverageSchema":"1a1c01bbd47fc00a2c39e90264f33305004495a9","hash":"4a78404e26ea0fc58ea2e256b4c3f895051e3389"}
,"G:\\download\\Pre Advanse\\jest-homeworks\\jest-homeworks\\2-advance\\1-fetchUserData.js": {"path":"G:\\download\\Pre Advanse\\jest-homeworks\\jest-homeworks\\2-advance\\1-fetchUserData.js","statementMap":{"0":{"start":{"line":2,"column":19},"end":{"line":2,"column":86}},"1":{"start":{"line":3,"column":15},"end":{"line":3,"column":36}},"2":{"start":{"line":4,"column":2},"end":{"line":4,"column":14}},"3":{"start":{"line":7,"column":0},"end":{"line":7,"column":31}}},"fnMap":{"0":{"name":"fetchUserData","decl":{"start":{"line":1,"column":15},"end":{"line":1,"column":28}},"loc":{"start":{"line":1,"column":37},"end":{"line":5,"column":1}},"line":1}},"branchMap":{},"s":{"0":2,"1":2,"2":2,"3":1},"f":{"0":2},"b":{},"_coverageSchema":"1a1c01bbd47fc00a2c39e90264f33305004495a9","hash":"6526408517cda49595f0275d9cb5458dc1ed40c3"}
}
