TN:
SF:jest-homeworks\0-Beginner\0-isTruthyOrFalsy.js
FN:1,isTruthyOrFalsy
FNF:1
FNH:1
FNDA:8,isTruthyOrFalsy
DA:2,8
DA:5,1
LF:2
LH:2
BRF:0
BRH:0
end_of_record
TN:
SF:jest-homeworks\0-Beginner\1-sum.js
FN:1,simpleSum
FNF:1
FNH:1
FNDA:3,simpleSum
DA:2,3
DA:4,1
LF:2
LH:2
BRF:0
BRH:0
end_of_record
TN:
SF:jest-homeworks\0-Beginner\2-sum2.js
FN:1,sum
FNF:1
FNH:1
FNDA:7,sum
DA:2,7
DA:3,3
DA:5,4
DA:7,1
LF:4
LH:4
BRDA:2,0,0,3
BRDA:2,0,1,4
BRDA:2,1,0,7
BRDA:2,1,1,4
BRF:4
BRH:4
end_of_record
TN:
SF:jest-homeworks\1-Intermediate\0-checkAge.js
FN:1,checkAge
FNF:1
FNH:1
FNDA:2,checkAge
DA:2,2
DA:3,1
DA:6,1
LF:3
LH:3
BRDA:2,0,0,1
BRDA:2,0,1,1
BRF:2
BRH:2
end_of_record
TN:
SF:jest-homeworks\1-Intermediate\1-getAverage.js
FN:1,getAverage
FNF:1
FNH:1
FNDA:3,getAverage
DA:2,3
DA:5,1
LF:2
LH:2
BRF:0
BRH:0
end_of_record
TN:
SF:jest-homeworks\1-Intermediate\2-filterElement.js
FN:1,filterElement
FN:2,(anonymous_1)
FNF:2
FNH:2
FNDA:3,filterElement
FNDA:6,(anonymous_1)
DA:2,6
DA:5,1
LF:2
LH:2
BRF:0
BRH:0
end_of_record
TN:
SF:jest-homeworks\2-advance\0-delayPromise.js
FN:1,delayPromise
FN:2,(anonymous_1)
FN:5,getUserWithDelay
FNF:3
FNH:3
FNDA:1,delayPromise
FNDA:1,(anonymous_1)
FNDA:1,getUserWithDelay
DA:2,1
DA:6,1
DA:7,1
DA:10,1
LF:4
LH:4
BRF:0
BRH:0
end_of_record
TN:
SF:jest-homeworks\2-advance\1-fetchUserData.js
FN:1,fetchUserData
FNF:1
FNH:1
FNDA:2,fetchUserData
DA:2,2
DA:3,2
DA:4,2
DA:7,1
LF:4
LH:4
BRF:0
BRH:0
end_of_record
